<?xml version="1.0" encoding="UTF-8"?>
<!-- Generated by org.testng.reporters.JUnitReportReporter -->
<testsuite skipped="0" hostname="DLLT-6523" name="com.qa.pet.test.GetApiTest" tests="2" failures="0" timestamp="23 Oct 2020 03:56:58 GMT" time="46.662" errors="0">
  <testcase name="getAPITeststatusCode" time="27.385" classname="com.qa.pet.test.GetApiTest"/>
  <testcase name="getAPIJSON" time="19.277" classname="com.qa.pet.test.GetApiTest"/>
</testsuite> <!-- com.qa.pet.test.GetApiTest -->
